c Problem:    
c Rows:       1511
c Columns:    810
c Non-zeros:  4685
c Status:     OPTIMAL
c Objective:  obj = 5.2 (MAXimum)
c
s bas 1511 810 f f 5.2
i 1 u 0 -0
i 2 b -2.66453525910038e-15 0
i 3 b -2 0
i 4 b -8.88178419700125e-16 0
i 5 b -2 0
i 6 b -8.88178419700125e-16 0
i 7 u 0 -0
i 8 b -2 0
i 9 u 0 -0
i 10 b -2 0
i 11 u 0 7.85496448088776e-18
i 12 u 0 -0
i 13 u 0 7.19910686545896e-18
i 14 u 0 -0
i 15 u 0 -0
i 16 u 0 -6.55857615428801e-19
i 17 b -2 0
i 18 b -2 0
i 19 b -3.5527136788005e-15 0
i 20 u 0 1.35419089900035e-17
i 21 b 0 0
i 22 b -2 0
i 23 b -2 0
i 24 u 0 7.19910686545896e-18
i 25 u 0 7.04115460501075e-18
i 26 u 0 -0
i 27 u 0 -0
i 28 u 0 -0
i 29 u 0 7.19910686545896e-18
i 30 u 0 -1.5795226044821e-19
i 31 b 0 0
i 32 b -2 0
i 33 b -2 0
i 34 u 0 -7.35705912590717e-18
i 35 b -3.5527136788005e-15 0
i 36 b 0 0
i 37 b -2 0
i 38 b -2 0
i 39 u 0 1.57952260448209e-19
i 40 u 0 1.5795226044821e-19
i 41 u 0 4.9790535498059e-19
i 42 u 0 -1.35419089900035e-17
i 43 u 0 4.9790535498059e-19
i 44 u 0 -0
i 45 u 0 -1.35419089900035e-17
i 46 u 0 -6.18484986409629e-18
i 47 b 0 0
i 48 u 0 -1.4039814344984e-17
i 49 u 0 -1.35419089900035e-17
i 50 b 2.66453525910038e-15 0
i 51 u 0 -7.85496448088776e-18
i 52 b 0 0
i 53 b -2 0
i 54 b 0 0
i 55 b -2 0
i 56 b 7.99360577730113e-15 0
i 57 b -2.00000000000001 0
i 58 b -2 0
i 59 u 0 -6.18484986409629e-18
i 60 u 0 -1.35419089900035e-17
i 61 u 0 -6.18484986409629e-18
i 62 u 0 -6.18484986409629e-18
i 63 u 0 -0
i 64 b -6.21724893790088e-15 0
i 65 u 0 2.3574636464327e-17
i 66 b 7.99360577730113e-15 0
i 67 b -2.00000000000001 0
i 68 b -2 0
i 69 b -6.21724893790088e-15 0
i 70 u 0 -1.62175773384198e-17
i 71 b -1.99999999999998 0
i 72 b -2.00000000000001 0
i 73 u 0 -1.39159405092415e-18
i 74 u 0 -8.07434927000103e-18
i 75 u 0 -0
i 76 b -1.99999999999999 0
i 77 b 0 0
i 78 u 0 -0
i 79 u 0 8.07434927000103e-18
i 80 b 0 0
i 81 b -1.99999999999999 0
i 82 b -2.00000000000001 0
i 83 u 0 1.39159405092415e-18
i 84 b -1.77635683940025e-15 0
i 85 b 0 0
i 86 b -2.368475785867e-15 0
i 87 u 0 -0
i 88 u 0 -0
i 89 b 0 0
i 90 b -2.00000000000001 0
i 91 b 8.88178419700125e-16 0
i 92 b 0 0
i 93 u 0 -0
i 94 u 0 6.2450045135165e-18
i 95 u 0 -0
i 96 b -1.77635683940025e-15 0
i 97 b 0 0
i 98 b 2.66453525910038e-15 0
i 99 b 0 0
i 100 b -2.00000000000001 0
i 101 u 0 -0
i 102 u 0 -0
i 103 b -2 0
i 104 b 2.66453525910038e-15 0
i 105 b -2 0
i 106 b 0 0
i 107 b 0 0
i 108 u 0 -0
i 109 b 2.66453525910038e-15 0
i 110 u 0 -0
i 111 b -1.33226762955019e-15 0
i 112 b 0 0
i 113 b -2 0
i 114 b 2.66453525910038e-15 0
i 115 b -2 0
i 116 b 0 0
i 117 b 0 0
i 118 b -2 0
i 119 u 0 -0
i 120 b -2 0
i 121 b 0 0
i 122 u 0 -0
i 123 b -2 0
i 124 b 0 0
i 125 b -2 0
i 126 u 0 7.85496448088776e-18
i 127 b -2 0
i 128 b -2 0
i 129 b 0 0
i 130 b 0 0
i 131 u 0 -7.85496448088776e-18
i 132 b -2.66453525910038e-15 0
i 133 u 0 -7.19910686545896e-18
i 134 b 0 0
i 135 b 0 0
i 136 u 0 -7.19910686545896e-18
i 137 b -2 0
i 138 b -2 0
i 139 u 0 -7.19910686545896e-18
i 140 u 0 -6.54324925003016e-18
i 141 b -8.88178419700125e-16 0
i 142 u 0 7.19910686545896e-18
i 143 u 0 -7.19910686545896e-18
i 144 u 0 -7.19910686545896e-18
i 145 u 0 -6.54324925003016e-18
i 146 b 0 0
i 147 b -2 0
i 148 b -2 0
i 149 b -8.88178419700125e-16 0
i 150 b 0 0
i 151 u 0 7.19910686545896e-18
i 152 b -2.66453525910038e-15 0
i 153 u 0 7.19910686545896e-18
i 154 b -8.88178419700125e-16 0
i 155 u 0 2.07410158554624e-17
i 156 b -3.85918149288974e-15 0
i 157 b -2 0
i 158 b -2 0
i 159 u 0 1.43982137309179e-17
i 160 b 1.77635683940025e-15 0
i 161 b 0 0
i 162 u 0 -1.33839567295553e-17
i 163 u 0 6.55857615428801e-19
i 164 u 0 1.5795226044821e-19
i 165 u 0 1.5795226044821e-19
i 166 b 0 0
i 167 b 0 0
i 168 b -2 0
i 169 b -3.5527136788005e-15 0
i 170 b -2 0
i 171 u 0 1.5795226044821e-19
i 172 u 0 1.35419089900035e-17
i 173 u 0 -4.9790535498059e-19
i 174 b -3.5527136788005e-15 0
i 175 b 0 0
i 176 b -6.51330841113426e-15 0
i 177 b 0 0
i 178 b -2 0
i 179 b -3.5527136788005e-15 0
i 180 b -2 0
i 181 u 0 -6.18484986409629e-18
i 182 u 0 2.69856315556248e-17
i 183 b 0 0
i 184 b 5.32907051820075e-15 0
i 185 u 0 -0
i 186 u 0 1.54314083959082e-17
i 187 b 0 0
i 188 u 0 1.82145964977565e-17
i 189 b -8.88178419700125e-16 0
i 190 b 3.5527136788005e-15 0
i 191 u 0 -1.35419089900035e-17
i 192 u 0 -1.35419089900035e-17
i 193 u 0 -1.35419089900035e-17
i 194 b 5.32907051820075e-15 0
i 195 b -3.5527136788005e-15 0
i 196 b -6.51330841113426e-15 0
i 197 b 0 0
i 198 u 0 -4.67268750775304e-18
i 199 b 8.88178419700125e-16 0
i 200 b -3.99999999999999 0
i 201 b 3.84877315203388e-15 0
i 202 u 0 2.16162582600045e-17
i 203 b -2 0
i 204 b 0 0
i 205 b -2 0
i 206 u 0 7.57644391502044e-18
i 207 b 0 0
i 208 b -4.44089209850063e-16 0
i 209 b -1.77635683940025e-15 0
i 210 u 0 2.16162582600045e-17
i 211 b 3.84877315203388e-15 0
i 212 u 0 -6.18484986409629e-18
i 213 u 0 1.54314083959082e-17
i 214 u 0 1.54314083959082e-17
i 215 u 0 -6.18484986409629e-18
i 216 u 0 7.85496448088776e-18
i 217 b 0 0
i 218 b -2 0
i 219 b 0 0
i 220 b -2 0
i 221 b 7.40148683083438e-15 0
i 222 b -2.00000000000001 0
i 223 b -2 0
i 224 u 0 6.2411892433738e-18
i 225 b 7.105427357601e-15 0
i 226 u 0 -0
i 227 u 0 1.39159405092415e-18
i 228 b 2.66453525910038e-15 0
i 229 u 0 -1.38777878078145e-17
i 230 u 0 3.11510803793474e-17
i 231 u 0 6.18484986409629e-18
i 232 u 0 6.18484986409629e-18
i 233 b 0 0
i 234 u 0 6.2450045135165e-18
i 235 u 0 -2.3574636464327e-17
i 236 u 0 1.39159405092415e-18
i 237 b -2.00000000000001 0
i 238 b -2 0
i 239 b 1.77635683940025e-15 0
i 240 b 7.105427357601e-15 0
i 241 b -1.99999999999999 0
i 242 b -2.00000000000001 0
i 243 u 0 -0
i 244 b -3.5527136788005e-15 0
i 245 u 0 -1.4039814344984e-17
i 246 b -1.99999999999999 0
i 247 b 0 0
i 248 u 0 -0
i 249 u 0 8.07434927000103e-18
i 250 u 0 -0
i 251 b -1.99999999999999 0
i 252 u 0 -0
i 253 b 0 0
i 254 u 0 -8.07434927000103e-18
i 255 u 0 -0
i 256 b -1.99999999999999 0
i 257 b -2.00000000000001 0
i 258 b 2.66453525910038e-15 0
i 259 b 0 0
i 260 u 0 1.4039814344984e-17
i 261 b -2.66453525910038e-15 0
i 262 u 0 -0
i 263 b 2.66453525910038e-15 0
i 264 u 0 1.38777878078145e-17
i 265 b -2.00000000000001 0
i 266 u 0 -0
i 267 u 0 -0
i 268 b 2.66453525910038e-15 0
i 269 u 0 -0
i 270 b 3.99680288865056e-15 0
i 271 u 0 -0
i 272 b 0 0
i 273 u 0 -0
i 274 u 0 -6.2450045135165e-18
i 275 b 3.99680288865056e-15 0
i 276 b 0 0
i 277 b -8.88178419700125e-15 0
i 278 b 2.66453525910038e-15 0
i 279 u 0 7.07805330899964e-17
i 280 b -2 0
i 281 b -1.33226762955019e-15 0
i 282 b 0 0
i 283 b -2 0
i 284 u 0 -0
i 285 b -2 0
i 286 b 0 0
i 287 u 0 -0
i 288 u 0 -0
i 289 u 0 -0
i 290 u 0 -0
i 291 b 2.5993867552248e-15 0
i 292 u 0 -0
i 293 b -2 0
i 294 b 0 0
i 295 b -2 0
i 296 b -2.97100307318961e-15 0
i 297 b -2 0
i 298 b -2 0
i 299 b 1.77635683940025e-15 0
i 300 b -8.88178419700125e-16 0
i 301 u 0 -7.19910686545896e-18
i 302 u 0 -7.19910686545896e-18
i 303 u 0 -0
i 304 b 1.77635683940025e-15 0
i 305 b -2.66453525910038e-15 0
i 306 b -2.97100307318961e-15 0
i 307 b -2 0
i 308 b -2 0
i 309 u 0 -2.13968734708912e-17
i 310 u 0 -7.19910686545896e-18
i 311 b 0 0
i 312 u 0 -7.19910686545896e-18
i 313 b 0 0
i 314 u 0 -4.9790535498059e-19
i 315 u 0 -6.55857615428801e-19
i 316 b -6.51330841113426e-15 0
i 317 b 0 0
i 318 b -2 0
i 319 b -3.5527136788005e-15 0
i 320 b -2 0
i 321 u 0 -6.55857615428801e-19
i 322 u 0 2.05830635950142e-17
i 323 u 0 -6.55857615428801e-19
i 324 u 0 -1.5795226044821e-19
i 325 b 0 0
i 326 b -6.51330841113425e-15 0
i 327 u 0 -1.40398143449841e-17
i 328 b -2 0
i 329 b -3.5527136788005e-15 0
i 330 b -1.99999999999999 0
i 331 b -3.85918149288974e-15 0
i 332 u 0 -6.55857615428801e-19
i 333 u 0 -6.55857615428801e-19
i 334 u 0 6.3428021245445e-18
i 335 u 0 6.3428021245445e-18
i 336 b -6.51330841113426e-15 0
i 337 u 0 2.17742105204527e-17
i 338 b 0 0
i 339 b -5.32907051820075e-15 0
i 340 b -4 0
i 341 u 0 6.3428021245445e-18
i 342 u 0 -2.68276792951766e-17
i 343 u 0 1.5795226044821e-19
i 344 b -8.88178419700125e-16 0
i 345 b -1.77635683940025e-15 0
i 346 b -6.51330841113426e-15 0
i 347 u 0 1.20521285146972e-17
i 348 u 0 6.84070747952509e-18
i 349 b -5.32907051820075e-15 0
i 350 b -4 0
i 351 b -6.51330841113426e-15 0
i 352 b 0 0
i 353 u 0 6.3428021245445e-18
i 354 u 0 6.3428021245445e-18
i 355 u 0 6.3428021245445e-18
i 356 b -6.51330841113425e-15 0
i 357 u 0 1.17321497170794e-17
i 358 u 0 -2.7831881018483e-18
i 359 b 0 0
i 360 u 0 -2.7831881018483e-18
i 361 u 0 3.55961402269621e-18
i 362 u 0 -8.17253569438317e-18
i 363 u 0 -0
i 364 u 0 -0
i 365 u 0 -0
i 366 b -6.51330841113425e-15 0
i 367 u 0 -0
i 368 u 0 -0
i 369 u 0 -2.7831881018483e-18
i 370 b -3.99999999999999 0
i 371 b 8.88178419700121e-16 0
i 372 u 0 -1.82145964977565e-17
i 373 b 1.77635683940025e-15 0
i 374 b 1.38895793922263e-15 0
i 375 b -4 0
i 376 u 0 -2.7831881018483e-18
i 377 b 0 0
i 378 b 1.77635683940025e-15 0
i 379 b 1.38895793922263e-15 0
i 380 u 0 -3.44321738361763e-17
i 381 b 7.40148683083438e-15 0
i 382 u 0 1.54314083959082e-17
i 383 u 0 -2.7831881018483e-18
i 384 u 0 9.19021915253439e-18
i 385 u 0 3.1648985734328e-17
i 386 b 8.88178419700121e-16 0
i 387 b 0 0
i 388 b 1.77635683940025e-15 0
i 389 b 1.77635683940025e-15 0
i 390 b -4 0
i 391 b -4.44089209850063e-16 0
i 392 u 0 -1.45153378189277e-17
i 393 b -2 0
i 394 b 1.77635683940025e-15 0
i 395 b -2 0
i 396 u 0 -1.39159405092415e-18
i 397 u 0 5.54729985298308e-18
i 398 b 2.66453525910038e-15 0
i 399 b 3.5527136788005e-15 0
i 400 u 0 -1.39159405092415e-18
i 401 b 2.22044604925031e-15 0
i 402 u 0 7.57644391502044e-18
i 403 u 0 -1.39159405092415e-18
i 404 u 0 -1.39159405092415e-18
i 405 b 0 0
i 406 b -4.44089209850063e-16 0
i 407 b 0 0
i 408 b -2 0
i 409 b 1.77635683940025e-15 0
i 410 b -2 0
i 411 b -2.66453525910038e-15 0
i 412 b -2.00000000000001 0
i 413 b -2 0
i 414 b 0 0
i 415 b 3.66530063380998e-15 0
i 416 u 0 -1.39159405092415e-18
i 417 b -8.88178419700125e-15 0
i 418 u 0 -1.39159405092415e-18
i 419 u 0 -1.39159405092415e-18
i 420 u 0 2.97594863284233e-17
i 421 b -2.66453525910038e-15 0
i 422 u 0 -1.39159405092415e-18
i 423 u 0 -0
i 424 b -1.77635683940025e-15 0
i 425 b -3.44012672379103e-15 0
i 426 b 0 0
i 427 b -2.00000000000001 0
i 428 b -2 0
i 429 b 0 0
i 430 b 3.5527136788005e-15 0
i 431 u 0 -0
i 432 b -2.00000000000001 0
i 433 b -1.99999999999999 0
i 434 b -2.89347340568172e-17 0
i 435 u 0 -0
i 436 b 3.93165438477499e-15 0
i 437 u 0 -0
i 438 b -1.99999999999999 0
i 439 u 0 -8.32667268468867e-17
i 440 u 0 -0
i 441 u 0 -0
i 442 u 0 -0
i 443 b -1.99999999999999 0
i 444 u 0 7.03389671142934e-17
i 445 b 0 0
i 446 b 3.93165438477499e-15 0
i 447 b -2.00000000000001 0
i 448 b -1.99999999999999 0
i 449 u 0 1.29277597325934e-17
i 450 b 0 0
i 451 u 0 -0
i 452 b -8.88178419700125e-15 0
i 453 u 0 -0
i 454 b 0 0
i 455 b -2.00000000000001 0
i 456 b 0 0
i 457 u 0 -0
i 458 u 0 -0
i 459 u 0 -0
i 460 u 0 -0
i 461 b 2.5993867552248e-15 0
i 462 b -8.88178419700125e-15 0
i 463 b 0 0
i 464 b 1.77635683940025e-15 0
i 465 b -2.00000000000001 0
i 466 b -2.65412691824451e-15 0
i 467 b 0 0
i 468 b -2 0
i 469 b -3.5527136788005e-15 0
i 470 b -1.99999999999999 0
i 471 b 3.85918149288974e-15 0
i 472 b 0 0
i 473 b 3.5527136788005e-15 0
i 474 u 0 -1.36998612504517e-17
i 475 b 0 0
i 476 u 0 -2.13968734708912e-17
i 477 u 0 2.13584859696395e-17
i 478 u 0 -2.13968734708912e-17
i 479 u 0 -7.69701222043955e-18
i 480 u 0 -2.13968734708912e-17
i 481 b -3.94430452610506e-31 0
i 482 u 0 -2.13968734708912e-17
i 483 u 0 -2.13968734708912e-17
i 484 b -1.77635683940025e-15 0
i 485 b 0 0
i 486 b -2.65412691824452e-15 0
i 487 b 0 0
i 488 b 2.66453525910038e-15 0
i 489 b -5.32907051820075e-15 0
i 490 b -3.99999999999999 0
i 491 u 0 -6.55857615428801e-19
i 492 b 0 0
i 493 b 2.66453525910038e-15 0
i 494 b 0 0
i 495 b 1.77635683940025e-15 0
i 496 u 0 -2.61471453263111e-17
i 497 b -8.88178419700125e-16 0
i 498 b 6.21724893790088e-15 0
i 499 b -3.5527136788005e-15 0
i 500 u 0 -2.13968734708912e-17
i 501 u 0 -2.13968734708912e-17
i 502 u 0 3.53983003146236e-17
i 503 u 0 -2.13968734708912e-17
i 504 u 0 -2.13968734708912e-17
i 505 u 0 -2.13968734708912e-17
i 506 u 0 -5.95464715113164e-18
i 507 b 0 0
i 508 u 0 -0
i 509 b 0 0
i 510 b -4 0
i 511 u 0 6.3428021245445e-18
i 512 u 0 6.3428021245445e-18
i 513 b 0 0
i 514 b 0 0
i 515 b -6.21724893790088e-15 0
i 516 b 3.94430452610506e-30 0
i 517 u 0 -7.70157637178737e-17
i 518 u 0 -1.38777878078145e-17
i 519 u 0 -1.38777878078145e-17
i 520 u 0 -1.38777878078145e-17
i 521 u 0 -2.6414847968327e-17
i 522 u 0 -4.73267897934028e-17
i 523 u 0 -4.21153687582308e-17
i 524 u 0 -3.52746612787057e-17
i 525 u 0 -3.52746612787057e-17
i 526 u 0 0.1
i 527 u 0 0.1
i 528 u 0 0.1
i 529 u 0 0.1
i 530 u 0 0.1
i 531 u 0 3.55961402269621e-18
i 532 b 8.88178419700125e-16 0
i 533 u 0 8.23230153044924e-18
i 534 u 0 3.55961402269621e-18
i 535 u 0 3.55961402269621e-18
i 536 u 0 0.1
i 537 u 0 0.1
i 538 u 0 0.1
i 539 u 0 0.1
i 540 u 0 0.1
i 541 u 0 5.55111512312578e-17
i 542 b 0 0
i 543 b 0 0
i 544 u 0 -0
i 545 b -4 0
i 546 u 0 0.1
i 547 u 0 0.1
i 548 u 0 0.1
i 549 u 0 0.1
i 550 u 0 0.1
i 551 u 0 -1.06381525827361e-17
i 552 b 0 0
i 553 b 0 0
i 554 u 0 -2.7831881018483e-18
i 555 b -6.21724893790088e-15 0
i 556 b 0 0
i 557 u 0 -1.0870933782788e-17
i 558 u 0 1.68846418328409e-17
i 559 b 0 0
i 560 u 0 1.68846418328409e-17
i 561 b -1.77635683940025e-15 0
i 562 u 0 -5.55111512312578e-17
i 563 u 0 2.77555756156289e-17
i 564 u 0 1.38777878078145e-17
i 565 b -4 0
i 566 u 0 0.1
i 567 u 0 0.1
i 568 u 0 0.1
i 569 u 0 0.1
i 570 u 0 0.1
i 571 b -2.66453525910038e-15 0
i 572 u 0 -1.39159405092415e-18
i 573 u 0 -1.39159405092415e-18
i 574 u 0 -1.39159405092415e-18
i 575 u 0 3.30405797852522e-17
i 576 b -5.99933431347144e-16 0
i 577 u 0 -2.77555756156289e-17
i 578 u 0 -2.77555756156289e-17
i 579 u 0 -2.77555756156289e-17
i 580 u 0 -1.11022302462516e-16
i 581 s 0 0.2
i 582 b 4.44089209850063e-15 0
i 583 b -2 0
i 584 b -1.77635683940025e-15 0
i 585 b -2 0
i 586 u 0 0.0500000000000001
i 587 u 0 0.0500000000000001
i 588 u 0 0.0500000000000001
i 589 u 0 0.0500000000000001
i 590 u 0 -6.93889390390723e-18
i 591 u 0 -1.39159405092415e-18
i 592 u 0 -1.39159405092415e-18
i 593 u 0 -1.4039814344984e-17
i 594 u 0 0.05
i 595 u 0 0.05
i 596 u 0 0.05
i 597 u 0 0.05
i 598 u 0 0.0500000000000001
i 599 b -2 0
i 600 b -2 0
i 601 b -1.36002320516582e-15 0
i 602 b 3.5527136788005e-15 0
i 603 b 2.5993867552248e-15 0
i 604 u 0 0.0500000000000001
i 605 u 0 0.0500000000000001
i 606 u 0 0.0500000000000001
i 607 u 0 0.0500000000000001
i 608 b 0 0
i 609 u 0 -0
i 610 u 0 1.39159405092415e-18
i 611 b -1.36002320516582e-15 0
i 612 u 0 -2.97594863284233e-17
i 613 b 8.23029915824548e-16 0
i 614 b 0 0
i 615 u 0 -1.39159405092415e-18
i 616 u 0 6.93889390390723e-17
i 617 u 0 2.97594863284233e-17
i 618 u 0 0.0500000000000001
i 619 b -4.00000000000001 0
i 620 u 0 1.38777878078145e-17
i 621 b -4.16333634234435e-16 0
i 622 b 0 0
i 623 u 0 -0
i 624 b -1.99999999999999 0
i 625 u 0 -0
i 626 u 0 8.32667268468867e-17
i 627 u 0 -0
i 628 b -1.77635683940025e-15 0
i 629 u 0 0.0500000000000001
i 630 u 0 0.0500000000000001
i 631 u 0 0.05
i 632 u 0 0.0500000000000001
i 633 u 0 -6.93889390390723e-18
i 634 b -2.66453525910038e-15 0
i 635 b -2 0
i 636 b -2 0
i 637 b 0 0
i 638 u 0 -2.13968734708912e-17
i 639 b -1.77635683940025e-15 0
i 640 b -2 0
i 641 b -1.99999999999999 0
i 642 u 0 -1.41977666054323e-17
i 643 u 0 2.08166817117217e-17
i 644 u 0 3.66156286548369e-17
i 645 u 0 -7.51908566307676e-18
i 646 u 0 -7.51908566307676e-18
i 647 u 0 6.6786809423555e-18
i 648 b -4.44089209850063e-15 0
i 649 u 0 -2.88775716327163e-17
i 650 u 0 1.38777878078145e-17
i 651 u 0 1.77926557362787e-19
i 652 u 0 -2.77555756156289e-17
i 653 b -7.09501901674514e-15 0
i 654 b 0 0
i 655 b -2 0
i 656 b -3.59416563323299e-15 0
i 657 b -1.99999999999999 0
i 658 b -7.09501901674514e-15 0
i 659 b 0 0
i 660 b -2 0
i 661 b -3.59416563323299e-15 0
i 662 b -1.99999999999999 0
i 663 u 0 1.38777878078145e-17
i 664 u 0 4.27553594405307e-17
i 665 b -5.32907051820075e-15 0
i 666 u 0 1.10977760364865e-17
i 667 u 0 4.16333634234434e-17
i 668 b 2.65412691824452e-15 0
i 669 u 0 5.80125021257282e-17
i 670 u 0 1.38777878078145e-17
i 671 u 0 1.38777878078145e-17
i 672 u 0 3.52746612787057e-17
i 673 u 0 -0
i 674 b 0 0
i 675 b -3.5527136788005e-15 0
i 676 b -1.77635683940025e-15 0
i 677 b -3.99999999999999 0
i 678 b -1.97215226305253e-31 0
i 679 b 0 0
i 680 b -3.5527136788005e-15 0
i 681 b -1.77635683940025e-15 0
i 682 b -3.99999999999999 0
i 683 u 0 0.05
i 684 u 0 0.05
i 685 u 0 0.05
i 686 u 0 0.05
i 687 u 0 0.05
i 688 u 0 0.05
i 689 u 0 0.0500000000000001
i 690 u 0 0.0500000000000001
i 691 u 0 0.0500000000000001
i 692 u 0 0.0500000000000001
i 693 u 0 1.68846418328409e-17
i 694 u 0 2.77555756156289e-17
i 695 u 0 -0
i 696 b 0 0
i 697 u 0 -0
i 698 b 1.16561838126101e-31 0
i 699 b 0 0
i 700 b 0 0
i 701 b 0 0
i 702 b -4 0
i 703 u 0 0.05
i 704 u 0 0.05
i 705 u 0 0.05
i 706 u 0 0.05
i 707 u 0 0.05
i 708 b -1.17642340805311e-15 0
i 709 u 0 -4.83670232419345e-17
i 710 b -3.5527136788005e-15 0
i 711 b -1.77635683940025e-15 0
i 712 b -4 0
i 713 u 0 1.68846418328409e-17
i 714 b 0 0
i 715 b -3.5527136788005e-15 0
i 716 b -1.77635683940025e-15 0
i 717 u 0 3.48997036049522e-17
i 718 b -1.17642340805311e-15 0
i 719 b 0 0
i 720 b -3.5527136788005e-15 0
i 721 b -1.77635683940025e-15 0
i 722 b -4 0
i 723 b -1.17642340805311e-15 0
i 724 u 0 6.52516650747755e-17
i 725 u 0 1.68846418328409e-17
i 726 u 0 1.68846418328409e-17
i 727 u 0 -1.80150617721113e-17
i 728 b -2.22671343729255e-15 0
i 729 b 4.44089209850063e-15 0
i 730 b -2 0
i 731 u 0 1.68846418328409e-17
i 732 b -2 0
i 733 u 0 -2.77555756156289e-17
i 734 u 0 1.46707805647149e-17
i 735 b 0 0
i 736 b 1.77635683940025e-15 0
i 737 b 3.5527136788005e-15 0
i 738 b -2.22671343729255e-15 0
i 739 b 4.44089209850063e-15 0
i 740 b -2 0
i 741 u 0 -2.58321629194581e-17
i 742 b -2 0
i 743 b -9.15933995315754e-16 0
i 744 u 0 -4.24263561803438e-17
i 745 u 0 -2.77555756156289e-17
i 746 u 0 -1.88080545290117e-17
i 747 u 0 -2.77555756156289e-17
i 748 b -5.99933431347144e-16 0
i 749 b -2 0
i 750 b -2 0
i 751 b -1.77635683940025e-15 0
i 752 b 3.77475828372553e-15 0
i 753 b 8.23029915824548e-16 0
i 754 u 0 -6.93889390390723e-17
i 755 u 0 -6.79973449881481e-17
i 756 u 0 -7.63278329429795e-17
i 757 u 0 -2.62900393764697e-17
i 758 u 0 0.05
i 759 b -2 0
i 760 b -2 0
i 761 b -1.77635683940025e-15 0
i 762 b 3.5527136788005e-15 0
i 763 b 8.23029915824548e-16 0
i 764 u 0 0.05
i 765 u 0 0.05
i 766 u 0 0.0500000000000001
i 767 u 0 0.05
i 768 b -2.1490301573325e-15 0
i 769 b -4 0
i 770 b 0 0
i 771 b -4.16333634234435e-16 0
i 772 b 4.44089209850063e-15 0
i 773 b -1.77635683940025e-15 0
i 774 b 3.5527136788005e-15 0
i 775 b 0 0
i 776 u 0 6.93889390390723e-17
i 777 b 0 0
i 778 u 0 -0
i 779 b -4 0
i 780 b 0 0
i 781 b -4.16333634234435e-16 0
i 782 b 0 0
i 783 u 0 -6.93889390390723e-17
i 784 u 0 -6.93889390390723e-17
i 785 u 0 -6.93889390390723e-17
i 786 u 0 -1.38777878078145e-16
i 787 u 0 -6.93889390390723e-17
i 788 b -1.77635683940025e-15 0
i 789 b -4 0
i 790 b 3.5527136788005e-15 0
i 791 b 3.94430452610506e-31 0
i 792 u 0 -7.28583859910259e-17
i 793 u 0 0.0500000000000001
i 794 b -4 0
i 795 b 3.5527136788005e-15 0
i 796 b 3.94430452610506e-31 0
i 797 b -2.66453525910038e-15 0
i 798 b -1.77635683940025e-15 0
i 799 u 0 0.0500000000000001
i 800 u 0 0.0500000000000001
i 801 u 0 0.0500000000000001
i 802 u 0 0.0500000000000001
i 803 b 4.44089209850063e-15 0
i 804 b 0 0
i 805 b -8.88178419700125e-15 0
i 806 b -4 0
i 807 b 0 0
i 808 u 0 1.38777878078145e-17
i 809 b -8.88178419700125e-16 0
i 810 b -3.5527136788005e-15 0
i 811 b -4 0
i 812 u 0 4.16333634234434e-17
i 813 u 0 -2.13968734708912e-17
i 814 u 0 -7.51908566307676e-18
i 815 u 0 -7.51908566307676e-18
i 816 u 0 -7.51908566307676e-18
i 817 u 0 -4.91524490865201e-17
i 818 u 0 -2.83357673747984e-17
i 819 u 0 -4.16333634234434e-17
i 820 u 0 -0
i 821 b 0 0
i 822 b 0 0
i 823 b -2.65412691824452e-15 0
i 824 b -1.77635683940025e-15 0
i 825 b -2 0
i 826 b -2 0
i 827 b 0 0
i 828 b 0 0
i 829 b -2.66453525910038e-15 0
i 830 b -2 0
i 831 b -2 0
i 832 b 0 0
i 833 u 0 -4.75027185541986e-18
i 834 u 0 5.55111512312578e-17
i 835 u 0 1.38777878078145e-17
i 836 u 0 1.38777878078145e-17
i 837 u 0 1.38777878078145e-17
i 838 b -2.67494359995623e-15 0
i 839 u 0 -5.39932681897781e-17
i 840 u 0 1.38777878078145e-17
i 841 u 0 2.78001177132798e-18
i 842 u 0 -2.77555756156289e-17
i 843 b -9.76996261670137e-15 0
i 844 u 0 4.85722573273506e-17
i 845 b -1.99999999999999 0
i 846 b -3.5527136788005e-15 0
i 847 b -1.99999999999999 0
i 848 b -9.76996261670137e-15 0
i 849 b 0 0
i 850 b -1.99999999999999 0
i 851 b -3.5527136788005e-15 0
i 852 b -1.99999999999999 0
i 853 u 0 0.05
i 854 u 0 0.05
i 855 u 0 0.05
i 856 u 0 0.05
i 857 u 0 0.0500000000000001
i 858 b -3.94430452610506e-30 0
i 859 u 0 6.52516650747755e-17
i 860 u 0 1.68846418328409e-17
i 861 u 0 1.38777878078145e-17
i 862 u 0 3.46944695195361e-17
i 863 u 0 -1.80150617721113e-17
i 864 u 0 -8.32667268468867e-17
i 865 u 0 -3.48997036049522e-17
i 866 u 0 -3.46944695195361e-17
i 867 b 3.77475828372553e-15 0
i 868 b -3.94430452610506e-30 0
i 869 b 0 0
i 870 b -3.5527136788005e-15 0
i 871 b -1.77635683940025e-15 0
i 872 b -3.99999999999999 0
i 873 u 0 0.05
i 874 u 0 0.05
i 875 u 0 0.05
i 876 u 0 0.05
i 877 u 0 0.05
i 878 b -1.3107794419768e-15 0
i 879 b 4.44089209850063e-15 0
i 880 b -2.00000000000001 0
i 881 b -3.59416563323299e-15 0
i 882 b -1.99999999999999 0
i 883 u 0 -1.80150617721113e-17
i 884 u 0 -1.80150617721113e-17
i 885 u 0 -2.49539556760185e-17
i 886 b -3.59416563323299e-15 0
i 887 b 3.5527136788005e-15 0
i 888 b -1.3107794419768e-15 0
i 889 b 4.44089209850063e-15 0
i 890 b -2.00000000000001 0
i 891 b -3.59416563323299e-15 0
i 892 b -1.99999999999999 0
i 893 b -1.35963771106004e-15 0
i 894 b 4.44089209850063e-15 0
i 895 u 0 6.93889390390723e-18
i 896 u 0 -1.78098276866952e-17
i 897 u 0 -1.80150617721113e-17
i 898 b -1.17642340805311e-15 0
i 899 b -2 0
i 900 b -2 0
i 901 u 0 -0
i 902 b 3.77475828372553e-15 0
i 903 b 1.42296334717169e-15 0
i 904 u 0 -3.96247362407334e-17
i 905 b 3.5527136788005e-15 0
i 906 b 0 0
i 907 b 0 0
i 908 u 0 -5.17816280785389e-17
i 909 b -2 0
i 910 b -2 0
i 911 b -1.77635683940025e-15 0
i 912 b 3.77475828372553e-15 0
i 913 b 1.34356033923691e-16 0
i 914 u 0 -2.08166817117217e-17
i 915 u 0 -6.04414179524551e-17
i 916 u 0 -6.04414179524551e-17
i 917 u 0 -6.04414179524551e-17
i 918 b -9.15933995315754e-16 0
i 919 b -4 0
i 920 u 0 -7.73188666080765e-18
i 921 u 0 -4.16333634234434e-17
i 922 b 8.88178419700125e-16 0
i 923 b 2.1490301573325e-15 0
i 924 u 0 0.05
i 925 u 0 -4.85722573273506e-17
i 926 b 0 0
i 927 u 0 -1.38777878078145e-16
i 928 u 0 0.05
i 929 b -4 0
i 930 b 0 0
i 931 b 0 0
i 932 b 4.44089209850063e-15 0
i 933 b 2.1490301573325e-15 0
i 934 u 0 -0
i 935 u 0 0.0500000000000001
i 936 u 0 0.0500000000000001
i 937 u 0 0.0500000000000001
i 938 u 0 -9.0205620750794e-17
i 939 b -4 0
i 940 b 3.5527136788005e-15 0
i 941 b 3.94430452610506e-31 0
i 942 b -2.66453525910038e-15 0
i 943 u 0 0.0500000000000001
i 944 u 0 0.0500000000000001
i 945 u 0 -6.93889390390723e-18
i 946 u 0 -8.32667268468867e-17
i 947 b -3.94430452610506e-31 0
i 948 u 0 -6.93889390390723e-17
i 949 b -4 0
i 950 b 3.5527136788005e-15 0
i 951 b 3.94430452610506e-31 0
i 952 b -2.66453525910038e-15 0
i 953 b -1.83186799063151e-15 0
i 954 u 0 -1.59594559789866e-16
i 955 u 0 0.0499999999999999
i 956 u 0 0.05
i 957 u 0 0.0499999999999999
i 958 b 1.77635683940025e-15 0
i 959 b -4 0
i 960 u 0 0.0500000000000001
i 961 u 0 0.0500000000000001
i 962 u 0 0.0500000000000001
i 963 u 0 0.0500000000000001
i 964 b -4 0
i 965 u 0 1.38777878078145e-17
i 966 b 0 0
i 967 b 0 0
i 968 b -1.83186799063151e-15 0
i 969 u 0 0.1
i 970 u 0 -0
i 971 u 0 -0
i 972 u 0 -0
i 973 b 0 0
i 974 b 0 0
i 975 b -2 0
i 976 b -2 0
i 977 u 0 0.05
i 978 b 3.94430452610506e-31 0
i 979 b 0 0
i 980 b -2 0
i 981 b -2 0
i 982 u 0 -1.41977666054323e-17
i 983 u 0 0.05
i 984 u 0 0.05
i 985 u 0 0.05
i 986 u 0 -7.51908566307676e-18
i 987 u 0 2.11366605093395e-17
i 988 b 0 0
i 989 b 0 0
i 990 u 0 0.0500000000000001
i 991 b 0 0
i 992 u 0 0.0500000000000001
i 993 b 7.11583569845686e-15 0
i 994 b -8.88178419700125e-16 0
i 995 b -3.10862446895044e-15 0
i 996 b -4 0
i 997 b 0 0
i 998 b 4.44089209850063e-15 0
i 999 u 0 2.77555756156289e-17
i 1000 b -8.88178419700125e-15 0
i 1001 b -4 0
i 1002 b 0 0
i 1003 u 0 0.05
i 1004 u 0 0.05
i 1005 b 0 0
i 1006 u 0 0.0500000000000001
i 1007 b 0 0
i 1008 b -7.55992490830692e-15 0
i 1009 u 0 0.05
i 1010 u 0 0.05
i 1011 u 0 0.05
i 1012 b 0 0
i 1013 b -1.02140518265514e-14 0
i 1014 b -1.77635683940025e-15 0
i 1015 b -2 0
i 1016 b -2 0
i 1017 u 0 5.55111512312578e-17
i 1018 b -1.02140518265514e-14 0
i 1019 b -1.77635683940025e-15 0
i 1020 b -2 0
i 1021 b -2 0
i 1022 b 0 0
i 1023 u 0 0.05
i 1024 u 0 1.38777878078145e-17
i 1025 u 0 -0
i 1026 b -7.105427357601e-15 0
i 1027 u 0 0.05
i 1028 b 9.81882088578462e-15 0
i 1029 u 0 -6.93889390390723e-18
i 1030 u 0 1.38777878078145e-17
i 1031 u 0 2.78001177132798e-18
i 1032 u 0 -2.77555756156289e-17
i 1033 u 0 -0
i 1034 u 0 6.93889390390723e-18
i 1035 b 1.11022302462516e-14 0
i 1036 u 0 2.47487215906024e-17
i 1037 u 0 2.08166817117217e-17
i 1038 u 0 -6.3881441927531e-18
i 1039 b 0 0
i 1040 b -2 0
i 1041 b -3.5527136788005e-15 0
i 1042 b -1.99999999999999 0
i 1043 u 0 0.05
i 1044 u 0 0.05
i 1045 u 0 0.05
i 1046 u 0 0.05
i 1047 u 0 0.05
i 1048 b -1.3107794419768e-15 0
i 1049 b -2 0
i 1050 b -1.99999999999999 0
i 1051 b 0 0
i 1052 b 3.29416051444642e-16 0
i 1053 u 0 6.93889390390723e-18
i 1054 u 0 6.93889390390723e-18
i 1055 b 3.99680288865056e-15 0
i 1056 u 0 6.93889390390723e-18
i 1057 u 0 -2.77555756156289e-17
i 1058 b -1.3107794419768e-15 0
i 1059 b -2 0
i 1060 b -1.99999999999999 0
i 1061 b 0 0
i 1062 b 4.10417433517017e-15 0
i 1063 b 1.34334747626772e-15 0
i 1064 b -2 0
i 1065 b 3.99680288865056e-15 0
i 1066 b 0 0
i 1067 u 0 2.77555756156289e-17
i 1068 b -1.35963771106004e-15 0
i 1069 b -4 0
i 1070 b 8.88178419700125e-15 0
i 1071 b 1.77635683940025e-15 0
i 1072 b -3.5527136788005e-15 0
i 1073 u 0 0.0500000000000002
i 1074 u 0 0.05
i 1075 b 3.5527136788005e-15 0
i 1076 b -1.77635683940025e-15 0
i 1077 b -8.88178419700125e-16 0
i 1078 u 0 -3.54874622764366e-17
i 1079 b -4 0
i 1080 b 3.5527136788005e-15 0
i 1081 b -1.77635683940025e-15 0
i 1082 u 0 -3.26858423368262e-17
i 1083 u 0 -1.03290415801708e-16
i 1084 b -2 0
i 1085 u 0 0.05
i 1086 u 0 0.05
i 1087 u 0 0.0500000000000001
i 1088 b -1.288607313248e-15 0
i 1089 b -4 0
i 1090 u 0 0.0500000000000001
i 1091 u 0 0.0500000000000001
i 1092 u 0 0.0500000000000001
i 1093 b -1.83186799063151e-15 0
i 1094 u 0 0.0500000000000001
i 1095 u 0 -6.93889390390723e-18
i 1096 u 0 -8.32667268468867e-17
i 1097 b 2.66453525910038e-15 0
i 1098 u 0 0.0500000000000001
i 1099 b -4 0
i 1100 b 3.5527136788005e-15 0
i 1101 b 0 0
i 1102 b 0 0
i 1103 b -1.288607313248e-15 0
i 1104 b -4 0
i 1105 b 0 0
i 1106 b 0 0
i 1107 u 0 -2.77555756156289e-17
i 1108 u 0 -6.93889390390723e-17
i 1109 b -4 0
i 1110 b 4.44089209850063e-15 0
i 1111 b -1.77635683940025e-15 0
i 1112 b 0 0
i 1113 b -3.60822483003176e-15 0
i 1114 u 0 0.0499999999999999
i 1115 b 8.88178419700125e-16 0
i 1116 b 0 0
i 1117 b 0 0
i 1118 u 0 0.05
i 1119 b -4 0
i 1120 b 4.44089209850063e-15 0
i 1121 u 0 2.35922392732846e-17
i 1122 b 0 0
i 1123 b -3.60822483003176e-15 0
i 1124 b -4 0
i 1125 u 0 0.0499999999999999
i 1126 u 0 0.0499999999999999
i 1127 u 0 0.0499999999999999
i 1128 s 0 0.2
i 1129 b -1.83186799063151e-15 0
i 1130 u 0 -0
i 1131 b 0 0
i 1132 u 0 -0
i 1133 u 0 -0
i 1134 b 0 0
i 1135 u 0 -0
i 1136 b 0 0
i 1137 b -1.83186799063151e-15 0
i 1138 b 0 0
i 1139 b 0 0
i 1140 b 0 0
i 1141 s 0 0.2
i 1142 u 0 0.05
i 1143 u 0 0.0500000000000001
i 1144 b -2 0
i 1145 u 0 0.1
i 1146 u 0 0.05
i 1147 u 0 0.0500000000000001
i 1148 b -2 0
i 1149 u 0 4.88922361249684e-17
i 1150 u 0 -0
i 1151 b 0 0
i 1152 u 0 0.1
i 1153 u 0 -0
i 1154 u 0 0.05
i 1155 u 0 0.0500000000000001
i 1156 u 0 0.15
i 1157 u 0 0.1
i 1158 u 0 0.1
i 1159 b 7.55992490830692e-15 0
i 1160 b 0 0
i 1161 b -2 0
i 1162 b -2.00000000000001 0
i 1163 u 0 5.55111512312578e-17
i 1164 u 0 0.0500000000000001
i 1165 u 0 -3.02569265100992e-17
i 1166 b -2 0
i 1167 b -2 0
i 1168 b 0 0
i 1169 u 0 0.0500000000000001
i 1170 u 0 0.1
i 1171 b -2 0
i 1172 u 0 -2.08166817117217e-17
i 1173 u 0 0.05
i 1174 b 0 0
i 1175 u 0 0.05
i 1176 u 0 0.05
i 1177 u 0 0.05
i 1178 b 0 0
i 1179 b -2.70298518732776e-15 0
i 1180 b -8.88178419700125e-16 0
i 1181 b -3.10862446895044e-15 0
i 1182 b -4 0
i 1183 b 0 0
i 1184 b 7.11583569845686e-15 0
i 1185 b -8.88178419700125e-16 0
i 1186 b -3.10862446895044e-15 0
i 1187 b -4 0
i 1188 b 0 0
i 1189 u 0 0.05
i 1190 b 0 0
i 1191 b 0 0
i 1192 b -2 0
i 1193 u 0 0.05
i 1194 b 7.55992490830692e-15 0
i 1195 u 0 0.05
i 1196 u 0 0.05
i 1197 u 0 0.05
i 1198 b 0 0
i 1199 u 0 1.38777878078145e-17
i 1200 u 0 1.38777878078145e-17
i 1201 b -8.88178419700125e-16 0
i 1202 b -1.99999999999999 0
i 1203 b -4.44089209850063e-16 0
i 1204 b -2.65412691824451e-15 0
i 1205 b -1.77635683940025e-15 0
i 1206 b -2 0
i 1207 b -1.99999999999999 0
i 1208 b 0 0
i 1209 u 0 0.05
i 1210 b 8.88178419700125e-16 0
i 1211 u 0 2.77555756156289e-17
i 1212 b -1.99999999999999 0
i 1213 u 0 0.0500000000000001
i 1214 b -1.35963771106004e-15 0
i 1215 b -2 0
i 1216 u 0 1.38777878078145e-17
i 1217 u 0 3.44676272658377e-17
i 1218 b -3.5527136788005e-15 0
i 1219 u 0 1.38777878078145e-17
i 1220 u 0 1.38777878078145e-17
i 1221 b 2.22044604925031e-15 0
i 1222 b -1.81780879383274e-15 0
i 1223 u 0 4.41347143179137e-17
i 1224 b -1.35963771106004e-15 0
i 1225 b -2 0
i 1226 b 1.11022302462516e-14 0
i 1227 b -4.14519544324922e-17 0
i 1228 b -3.5527136788005e-15 0
i 1229 b 1.34334747626772e-15 0
i 1230 b -2 0
i 1231 b 3.10862446895044e-15 0
i 1232 u 0 -2.05898394580232e-17
i 1233 u 0 -3.02569265100992e-17
i 1234 b 1.34334747626772e-15 0
i 1235 b -2 0
i 1236 u 0 1.38777878078145e-17
i 1237 u 0 4.41347143179137e-17
i 1238 b -2 0
i 1239 u 0 -3.41909824007508e-17
i 1240 u 0 -2.77555756156289e-17
i 1241 u 0 -6.93889390390723e-18
i 1242 b 0 0
i 1243 b -2 0
i 1244 u 0 0.05
i 1245 u 0 0.0500000000000002
i 1246 u 0 -1.38777878078145e-17
i 1247 u 0 -2.77555756156289e-17
i 1248 b -2 0
i 1249 b 1.34334747626772e-15 0
i 1250 b -2 0
i 1251 u 0 0.0500000000000001
i 1252 u 0 0.0500000000000001
i 1253 u 0 0.0500000000000001
i 1254 b 5.43260677383506e-16 0
i 1255 b -2 0
i 1256 u 0 -2.77555756156289e-17
i 1257 u 0 4.82189078218796e-17
i 1258 b 8.88178419700125e-16 0
i 1259 u 0 -2.77555756156289e-17
i 1260 u 0 -9.0205620750794e-17
i 1261 b -8.88178419700125e-16 0
i 1262 b 0 0
i 1263 b 0 0
i 1264 b 3.60822483003176e-15 0
i 1265 u 0 6.24500451351651e-17
i 1266 b 3.5527136788005e-15 0
i 1267 b -1.77635683940025e-15 0
i 1268 u 0 -4.85722573273506e-17
i 1269 b 5.92118946466748e-16 0
i 1270 b -2 0
i 1271 b 0 0
i 1272 u 0 -7.59744834375085e-17
i 1273 u 0 2.08166817117217e-17
i 1274 b 5.43260677383506e-16 0
i 1275 b -4 0
i 1276 u 0 -2.08166817117217e-17
i 1277 u 0 -9.0205620750794e-17
i 1278 b -2.66453525910038e-15 0
i 1279 u 0 2.77555756156289e-17
i 1280 u 0 0.0499999999999999
i 1281 u 0 -0
i 1282 u 0 2.08166817117217e-17
i 1283 u 0 -9.0205620750794e-17
i 1284 u 0 0.0499999999999999
i 1285 b 3.5527136788005e-15 0
i 1286 b 0 0
i 1287 b 2.64831875324197e-31 0
i 1288 b 0 0
i 1289 b 5.92118946466748e-16 0
i 1290 b -4 0
i 1291 u 0 0.05
i 1292 u 0 0.05
i 1293 u 0 0.05
i 1294 u 0 -4.16333634234434e-17
i 1295 b -4 0
i 1296 b -8.88178419700125e-16 0
i 1297 b 0 0
i 1298 u 0 -0
i 1299 u 0 -0
i 1300 u 0 0.0499999999999999
i 1301 b 0 0
i 1302 b 0 0
i 1303 b 0 0
i 1304 b 0 0
i 1305 b -4 0
i 1306 b 0 0
i 1307 u 0 -6.93889390390723e-17
i 1308 u 0 -9.0205620750794e-17
i 1309 s 0 0.2
i 1310 b 0 0
i 1311 u 0 -0
i 1312 b -2 0
i 1313 u 0 -0
i 1314 u 0 -0
i 1315 b -8.88178419700125e-16 0
i 1316 u 0 -0
i 1317 b 0 0
i 1318 b 0 0
i 1319 u 0 -0
i 1320 u 0 -0
i 1321 u 0 0.1
i 1322 b 0 0
i 1323 u 0 0.0499999999999999
i 1324 u 0 0.1
i 1325 u 0 -8.32667268468867e-17
i 1326 b -4 0
i 1327 u 0 0.05
i 1328 u 0 0.0500000000000001
i 1329 u 0 1.49205723572028e-18
i 1330 u 0 0.1
i 1331 b -2 0
i 1332 u 0 0.0500000000000001
i 1333 u 0 0.0499999999999999
i 1334 u 0 -8.32667268468867e-17
i 1335 u 0 0.1
i 1336 u 0 0.1
i 1337 u 0 0.0500000000000001
i 1338 u 0 0.0500000000000001
i 1339 u 0 0.1
i 1340 b 0 0
i 1341 b -4 0
i 1342 u 0 0.05
i 1343 b 7.55992490830692e-15 0
i 1344 b -8.88178419700125e-16 0
i 1345 b 0 0
i 1346 b -2.00000000000001 0
i 1347 b 0 0
i 1348 u 0 5.55111512312578e-17
i 1349 b 0 0
i 1350 u 0 0.1
i 1351 u 0 0.1
i 1352 b -3.5527136788005e-15 0
i 1353 u 0 0.1
i 1354 u 0 0.1
i 1355 u 0 -8.32667268468867e-17
i 1356 b -2 0
i 1357 u 0 0.1
i 1358 b -2.70298518732776e-15 0
i 1359 u 0 7.94818756265728e-18
i 1360 b -3.10862446895044e-15 0
i 1361 b -2 0
i 1362 b -3.5527136788005e-15 0
i 1363 u 0 -8.32667268468867e-17
i 1364 u 0 -8.32667268468867e-17
i 1365 u 0 0.1
i 1366 u 0 0.1
i 1367 b -2 0
i 1368 u 0 0.1
i 1369 u 0 0.1
i 1370 b -8.88178419700125e-16 0
i 1371 b 0 0
i 1372 u 0 0.1
i 1373 b 0 0
i 1374 b -8.88178419700125e-16 0
i 1375 b -8.88178419700125e-16 0
i 1376 u 0 -3.02569265100992e-17
i 1377 b -2 0
i 1378 s 0 0.2
i 1379 b 1.29448920718447e-15 0
i 1380 b -2 0
i 1381 u 0 0.1
i 1382 u 0 0.1
i 1383 u 0 0.0499999999999999
i 1384 u 0 0.05
i 1385 b -8.88178419700125e-16 0
i 1386 b -1.77635683940025e-15 0
i 1387 u 0 0.0500000000000001
i 1388 u 0 0.0500000000000001
i 1389 b -8.88178419700125e-16 0
i 1390 b -1.77635683940025e-15 0
i 1391 b 1.29448920718447e-15 0
i 1392 b -2 0
i 1393 u 0 0.05
i 1394 u 0 0.05
i 1395 u 0 0.05
i 1396 u 0 0.05
i 1397 u 0 0.05
i 1398 b 0 0
i 1399 u 0 -4.85722573273506e-17
i 1400 b -2 0
i 1401 u 0 6.43540678512186e-18
i 1402 b 8.88178419700125e-16 0
i 1403 b 0 0
i 1404 b 0 0
i 1405 b -2 0
i 1406 b 5.92118946466748e-16 0
i 1407 b -2 0
i 1408 u 0 0.05
i 1409 u 0 0.05
i 1410 u 0 0.0499999999999999
i 1411 u 0 -6.93889390390723e-17
i 1412 b -8.88178419700125e-16 0
i 1413 u 0 -0
i 1414 b 0 0
i 1415 u 0 2.08166817117217e-17
i 1416 u 0 0.05
i 1417 u 0 0.05
i 1418 b -8.88178419700125e-16 0
i 1419 b 0 0
i 1420 b 0 0
i 1421 b 5.92118946466748e-16 0
i 1422 b -4 0
i 1423 b 0 0
i 1424 b 0 0
i 1425 u 0 -6.93889390390723e-17
i 1426 u 0 -6.93889390390723e-17
i 1427 u 0 -6.93889390390723e-17
i 1428 b 0 0
i 1429 u 0 -6.93889390390723e-17
i 1430 b 0 0
i 1431 s 1 0
i 1432 s 1 1.43982137309179e-17
i 1433 s 1 0
i 1434 s 1 -2.70838179800069e-17
i 1435 s 1 -1.23696997281926e-17
i 1436 s 1 0
i 1437 s 1 0
i 1438 s 1 0
i 1439 s 1 0
i 1440 s 1 -1.43982137309179e-17
i 1441 s 1 1.43982137309179e-17
i 1442 s 1 3.1590452089642e-19
i 1443 s 1 0
i 1444 s 1 3.08628167918164e-17
i 1445 s 1 1.51528878300409e-17
i 1446 s 1 0
i 1447 s 1 0
i 1448 s 1 0
i 1449 s 1 -1.43982137309179e-17
i 1450 s 1 -1.3117152308576e-18
i 1451 s 1 1.2685604249089e-17
i 1452 s 1 7.11922804539241e-18
i 1453 s 1 -5.56637620369659e-18
i 1454 s 1 -2.7831881018483e-18
i 1455 s 1 -2.7831881018483e-18
i 1456 s 1 0
i 1457 s 1 0
i 1458 s 1 -4.27937469417824e-17
i 1459 s 1 -4.27937469417824e-17
i 1460 s 1 -7.05493225574114e-17
i 1461 s 1 0.4
i 1462 s 1 0.2
i 1463 s 1 0.2
i 1464 s 1 0.2
i 1465 s 1 0.1
i 1466 s 1 0.1
i 1467 s 1 -1.50381713261535e-17
i 1468 s 1 2.77555756156289e-17
i 1469 s 1 0.1
i 1470 s 1 0.2
i 1471 s 1 3.37692836656818e-17
i 1472 s 1 -5.55111512312578e-17
i 1473 s 1 0.1
i 1474 s 1 -1.38777878078145e-16
i 1475 s 1 0.1
i 1476 s 1 -1.50381713261535e-17
i 1477 s 1 2.77555756156289e-17
i 1478 s 1 0.1
i 1479 s 1 0.1
i 1480 s 1 -3.60301235442226e-17
i 1481 s 1 -1.2088283590491e-16
i 1482 s 1 0.1
i 1483 s 1 0.0999999999999999
i 1484 s 1 0.2
i 1485 s 1 0.1
i 1486 s 1 0.1
i 1487 s 1 0.1
i 1488 s 1 0.1
i 1489 s 1 1.38777878078145e-17
i 1490 s 1 0.1
i 1491 s 1 0.1
i 1492 s 1 0.0999999999999999
i 1493 s 1 0
i 1494 s 1 0.2
i 1495 s 1 0.3
i 1496 s 1 0.1
i 1497 s 1 0.1
i 1498 s 1 2.77555756156289e-17
i 1499 s 1 0.1
i 1500 s 1 -5.55111512312578e-17
i 1501 s 1 0.0999999999999999
i 1502 s 1 0.0999999999999997
i 1503 s 1 0
i 1504 s 1 0.2
i 1505 s 1 0.2
i 1506 s 1 0.2
i 1507 s 1 0.2
i 1508 s 1 0.2
i 1509 s 1 0.0999999999999999
i 1510 s 1 0.0999999999999999
i 1511 s 1 -1.38777878078145e-16
j 1 b 1.77635683940025e-15 0
j 2 b 8 0
j 3 b 4 0
j 4 b 6 0
j 5 b 8 0
j 6 b -4.736951571734e-15 0
j 7 b 0 0
j 8 b 1.33226762955019e-15 0
j 9 l 0 0
j 10 b 8.88178419700125e-16 0
j 11 b 0.999999999999998 0
j 12 b -4.736951571734e-15 0
j 13 b 6 0
j 14 b 6 0
j 15 b -1.77635683940025e-15 0
j 16 b 2 0
j 17 b 6 0
j 18 b 6 0
j 19 b 2 0
j 20 b 2 0
j 21 b -3.84877315203388e-15 0
j 22 b 6 0
j 23 b 2 0
j 24 b 5.99999999999999 0
j 25 b 2 0
j 26 b 0 0
j 27 l 0 -1.43982137309179e-17
j 28 b 1 0
j 29 b -4.44089209850063e-16 0
j 30 l 0 2.67679134591105e-17
j 31 b -4.736951571734e-15 0
j 32 b 8 0
j 33 b 2 0
j 34 b 6 0
j 35 b 2 0
j 36 b -4.736951571734e-15 0
j 37 b 8 0
j 38 b 2 0
j 39 b 6 0
j 40 b 2 0
j 41 l 0 0
j 42 b 0.999999999999998 0
j 43 b 0 0
j 44 b 2.22044604925031e-15 0
j 45 b 0 0
j 46 b -4.736951571734e-15 0
j 47 b 8 0
j 48 b 4 0
j 49 b 6 0
j 50 b 2.00000000000001 0
j 51 b -4.736951571734e-15 0
j 52 b 8 0
j 53 b 4 0
j 54 b 6 0
j 55 b 2 0
j 56 b 0 0
j 57 b 0 0
j 58 b 1 0
j 59 b -2.22044604925031e-15 0
j 60 b 1.77635683940025e-15 0
j 61 b -4.736951571734e-15 0
j 62 b 8 0
j 63 b 2 0
j 64 b 6 0
j 65 b 2 0
j 66 b -4.736951571734e-15 0
j 67 b 8 0
j 68 b 4 0
j 69 b 6 0
j 70 b 4 0
j 71 b -3.99680288865056e-15 0
j 72 b 1 0
j 73 l 0 1.23696997281926e-17
j 74 b 2.22044604925031e-15 0
j 75 b -3.10862446895044e-15 0
j 76 b 3.25665420556713e-15 0
j 77 b 5.99999999999999 0
j 78 b 2 0
j 79 b 6 0
j 80 b 2.00000000000001 0
j 81 b -4.736951571734e-15 0
j 82 b 8 0
j 83 b 4 0
j 84 b 6 0
j 85 b 2 0
j 86 b 0.999999999999996 0
j 87 l 0 0
j 88 b 0 0
j 89 b 8.88178419700125e-16 0
j 90 b 3.10862446895044e-15 0
j 91 f 0 0
j 92 b 5.99999999999999 0
j 93 b 2 0
j 94 b 6 0
j 95 b 2 0
j 96 b -8.88178419700125e-16 0
j 97 b 8 0
j 98 b 2 0
j 99 b 6 0
j 100 b 2 0
j 101 b -4.44089209850063e-16 0
j 102 l 0 0
j 103 b 0 0
j 104 b -1.77635683940025e-15 0
j 105 b 1 0
j 106 b 0 0
j 107 b 5.99999999999999 0
j 108 b 2 0
j 109 b 6 0
j 110 b -3.5527136788005e-15 0
j 111 b 2.66453525910038e-15 0
j 112 b 5.99999999999999 0
j 113 b 2 0
j 114 b 6 0
j 115 b 2.00000000000001 0
j 116 l 0 0
j 117 l 0 0
j 118 b 1 0
j 119 b -4.44089209850063e-16 0
j 120 l 0 0
j 121 f 0 0
j 122 b 5.99999999999999 0
j 123 b -1.77635683940025e-15 0
j 124 b 6 0
j 125 b -3.5527136788005e-15 0
j 126 b 1.33226762955019e-15 0
j 127 b 5.99999999999999 0
j 128 b 2 0
j 129 b 6 0
j 130 b 2 0
j 131 l 0 0
j 132 b 0 0
j 133 l 0 0
j 134 b -8.88178419700125e-16 0
j 135 b 1 0
j 136 b 0 0
j 137 b 5.99999999999999 0
j 138 b 2 0
j 139 b 6 0
j 140 b -3.5527136788005e-15 0
j 141 b 4.44089209850063e-16 0
j 142 l 0 1.43982137309179e-17
j 143 b 1 0
j 144 b -8.88178419700125e-16 0
j 145 l 0 1.3117152308576e-18
j 146 b -4.736951571734e-15 0
j 147 b 8 0
j 148 b 2 0
j 149 b 6 0
j 150 b 2 0
j 151 b 0 0
j 152 b 0.999999999999999 0
j 153 l 0 -1.43982137309179e-17
j 154 b 8.88178419700125e-16 0
j 155 b 0 0
j 156 b -8.77770078844263e-16 0
j 157 b 8 0
j 158 b 4 0
j 159 b 5.99999999999999 0
j 160 b 2 0
j 161 b 0 0
j 162 b 0 0
j 163 b 1 0
j 164 b -4.44089209850063e-16 0
j 165 b 0 0
j 166 b 1.77635683940025e-15 0
j 167 b 8 0
j 168 b 4 0
j 169 b 6 0
j 170 b 4 0
j 171 l 0 -8.59070091638311e-18
j 172 l 0 2.68874451312426e-17
j 173 b 0 0
j 174 b -4.44089209850063e-16 0
j 175 b 1 0
j 176 b 1.77635683940025e-15 0
j 177 b 8 0
j 178 b 4 0
j 179 b 6 0
j 180 b 6 0
j 181 b -1.92438657601694e-15 0
j 182 b 0 0
j 183 b 1 0
j 184 b 8.88178419700125e-16 0
j 185 b -4.44089209850063e-16 0
j 186 b 1.77635683940025e-15 0
j 187 b 8 0
j 188 b 4 0
j 189 b 6 0
j 190 b 4 0
j 191 b -1.77635683940025e-15 0
j 192 b 1 0
j 193 l 0 -1.51528878300409e-17
j 194 l 0 -1.79360759318892e-17
j 195 b -3.10862446895044e-15 0
j 196 b 2.66453525910038e-15 0
j 197 b 8 0
j 198 b 4 0
j 199 b 6 0
j 200 b 2 0
j 201 b 0.999999999999996 0
j 202 b 0 0
j 203 b -1.33226762955019e-15 0
j 204 b 1.77635683940025e-15 0
j 205 b 3.10862446895044e-15 0
j 206 b 1.33226762955019e-15 0
j 207 b 8 0
j 208 b 2 0
j 209 b 6 0
j 210 b 2 0
j 211 b 6.66133814775094e-16 0
j 212 b 0 0
j 213 b 0 0
j 214 b -9.02645786728534e-16 0
j 215 b 1 0
j 216 f 0 -1.39159405092415e-18
j 217 b 6 0
j 218 b 2 0
j 219 b 6 0
j 220 b 2 0
j 221 l 0 0
j 222 b 0 0
j 223 b 0.999999999999999 0
j 224 b 8.88178419700125e-16 0
j 225 l 0 0
j 226 b -2.5993867552248e-15 0
j 227 b 5.99999999999999 0
j 228 b 2 0
j 229 b 6 0
j 230 b 2 0
j 231 b -4.44089209850063e-16 0
j 232 b 0.999999999999999 0
j 233 l 0 1.43982137309179e-17
j 234 l 0 -2.83955332108645e-17
j 235 b 1.33226762955019e-15 0
j 236 b -8.77770078844262e-16 0
j 237 b 8 0
j 238 b 4 0
j 239 b 6 0
j 240 b 2 0
j 241 b 1.92959074644487e-15 0
j 242 b 0 0
j 243 b 1 0
j 244 b -8.88178419700125e-16 0
j 245 b -8.88178419700125e-16 0
j 246 b 1.77635683940025e-15 0
j 247 b 8 0
j 248 b 4 0
j 249 b 6 0
j 250 b 4 0
j 251 b 3.25665420556713e-15 0
j 252 b 0 0
j 253 b 0 0
j 254 b 2.66453525910038e-15 0
j 255 b 1 0
j 256 b 1.77635683940025e-15 0
j 257 b 8 0
j 258 b 4 0
j 259 b 6 0
j 260 b 6 0
j 261 b 3.25665420556713e-15 0
j 262 b 0 0
j 263 b 0 0
j 264 b 0 0
j 265 b 0.999999999999997 0
j 266 b -4.44089209850063e-16 0
j 267 b 0 0
j 268 b -8.88178419700125e-16 0
j 269 b -6.94478969611316e-16 0
j 270 b 1 0
j 271 b 1.77635683940025e-15 0
j 272 b 8 0
j 273 b 4 0
j 274 b 6 0
j 275 b 6 0
j 276 b 6.66133814775094e-16 0
j 277 b 0 0
j 278 b 1 0
j 279 b -8.88178419700125e-16 0
j 280 b -4.44089209850063e-16 0
j 281 b 1.77635683940025e-15 0
j 282 b 8 0
j 283 b 4 0
j 284 b 6 0
j 285 b 4 0
j 286 b 6.66133814775094e-16 0
j 287 b 1 0
j 288 b 0 0
j 289 b -8.88178419700125e-16 0
j 290 b -1.38856110705493e-15 0
j 291 b 0 0
j 292 b 8 0
j 293 b 4 0
j 294 b 6 0
j 295 b 2 0
j 296 b -6.66133814775094e-16 0
j 297 b 4.44089209850063e-15 0
j 298 b 0.999999999999994 0
j 299 b 9.02645786728534e-16 0
j 300 b 1.33226762955019e-15 0
j 301 b -2.5993867552248e-15 0
j 302 b 8 0
j 303 b 2 0
j 304 b 6 0
j 305 b 2 0
j 306 b -1.2996933776124e-15 0
j 307 l 0 0
j 308 b 0 0
j 309 b -8.88178419700125e-16 0
j 310 b 1 0
j 311 b -2.5993867552248e-15 0
j 312 b 6 0
j 313 b 2 0
j 314 b 6 0
j 315 b 2 0
j 316 b 0 0
j 317 l 0 8.55107188810615e-17
j 318 b 1 0
j 319 b 0 0
j 320 b 0 0
j 321 b -8.77770078844262e-16 0
j 322 b 8 0
j 323 b 2 0
j 324 b 6 0
j 325 b 2 0
j 326 b 1.32706345912226e-15 0
j 327 b 0 0
j 328 b -1.33226762955019e-15 0
j 329 b 2.66453525910038e-15 0
j 330 b 0.999999999999997 0
j 331 b -8.77770078844262e-16 0
j 332 b 8 0
j 333 b 4 0
j 334 b 6 0
j 335 b 2 0
j 336 l 0 2.85318855624546e-17
j 337 b 0 0
j 338 b 0 0
j 339 b 0 0
j 340 b 1 0
j 341 b 1.77635683940025e-15 0
j 342 b 8 0
j 343 b 4 0
j 344 b 6 0
j 345 b 4 0
j 346 b -1.91387134398948e-30 0
j 347 b -4.44089209850063e-16 0
j 348 b 0 0
j 349 b 0 0
j 350 b 1 0
j 351 b 1.77635683940025e-15 0
j 352 b 8 0
j 353 b 4 0
j 354 b 6 0
j 355 b 6 0
j 356 b 1.91387134398948e-30 0
j 357 l 0 -1.11022302462516e-16
j 358 b 0 0
j 359 b 0 0
j 360 b 1 0
j 361 b 1.77635683940025e-15 0
j 362 b 8 0
j 363 b 4 0
j 364 b 6 0
j 365 b 4 0
j 366 b 8.88178419700125e-16 0
j 367 b 0 0
j 368 l 0 1.66533453693773e-16
j 369 l 0 1.38777878078145e-16
j 370 b 0.999999999999999 0
j 371 b 5.99933431347144e-16 0
j 372 b 8 0
j 373 b 4 0
j 374 b 6 0
j 375 b 2 0
j 376 l 0 -0.2
j 377 b -2.22044604925031e-15 0
j 378 b 1 0
j 379 b 8.88178419700125e-16 0
j 380 b -4.44089209850063e-16 0
j 381 b 8 0
j 382 b 2 0
j 383 b 6 0
j 384 b 2 0
j 385 b -1.2996933776124e-15 0
j 386 b 1 0
j 387 b 0 0
j 388 b -2.08166817117218e-16 0
j 389 b -1.33226762955019e-15 0
j 390 b -8.23029915824548e-16 0
j 391 b 6 0
j 392 b 2 0
j 393 b 6 0
j 394 b 2 0
j 395 l 0 0
j 396 b 1 0
j 397 b 0 0
j 398 b 2.08166817117218e-16 0
j 399 b 1.33226762955019e-15 0
j 400 b -8.23029915824548e-16 0
j 401 b 4 0
j 402 b 2 0
j 403 b 6 0
j 404 b 2 0
j 405 b 0 0
j 406 b 8.88178419700125e-16 0
j 407 b 1.77635683940025e-15 0
j 408 b 0.999999999999997 0
j 409 b 0 0
j 410 b -8.77770078844263e-16 0
j 411 b 8 0
j 412 b 2 0
j 413 b 4 0
j 414 b 2 0
j 415 b 2.22044604925031e-15 0
j 416 b 4.44089209850063e-16 0
j 417 b 0.999999999999997 0
j 418 b 9.08904396916371e-16 0
j 419 b 0 0
j 420 b -5.31866217734489e-15 0
j 421 b 8 0
j 422 b 2.00000000000001 0
j 423 b 6 0
j 424 b 2 0
j 425 b -1.8735446498999e-30 0
j 426 b 0 0
j 427 b 1.77635683940025e-15 0
j 428 b 8.88178419700125e-16 0
j 429 b 0.999999999999997 0
j 430 b 1.77635683940025e-15 0
j 431 b 8 0
j 432 b 4 0
j 433 b 6 0
j 434 b 2 0
j 435 b 1.91387134398948e-30 0
j 436 b 0 0
j 437 b 0 0
j 438 b 0 0
j 439 b 1 0
j 440 b 1.77635683940025e-15 0
j 441 b 8 0
j 442 b 4 0
j 443 b 6 0
j 444 b 4 0
j 445 b 5.88211704026553e-16 0
j 446 b 0 0
j 447 b 1.77635683940025e-15 0
j 448 b 8.88178419700125e-16 0
j 449 b 0.999999999999999 0
j 450 b 1.77635683940025e-15 0
j 451 b 8 0
j 452 b 4 0
j 453 b 6 0
j 454 b 2 0
j 455 b 5.25145014619722e-16 0
j 456 b -2.22044604925031e-15 0
j 457 b 1 0
j 458 b 0 0
j 459 b -1.11022302462516e-16 0
j 460 b -4.50356597892301e-16 0
j 461 b 4.65577397423453e-16 0
j 462 b 8 0
j 463 b 2 0
j 464 b 6 0
j 465 b 2 0
j 466 b -2.2517829894615e-16 0
j 467 b 1 0
j 468 b 0 0
j 469 b 0 0
j 470 b -3.5527136788005e-15 0
j 471 b -8.23029915824548e-16 0
j 472 b 6 0
j 473 b 2 0
j 474 b 6 0
j 475 b 2 0
j 476 b 8.88178419700125e-16 0
j 477 b 0.999999999999998 0
j 478 b 0 0
j 479 b 2.08166817117218e-16 0
j 480 b 1.33226762955019e-15 0
j 481 b -2.5993867552248e-15 0
j 482 b 4 0
j 483 b 2 0
j 484 b 6 0
j 485 b 2 0
j 486 b 8.88178419700125e-16 0
j 487 b 1 0
j 488 b -1.77635683940025e-15 0
j 489 b -1.97215226305253e-31 0
j 490 b 0 0
j 491 b -8.23029915824548e-16 0
j 492 b 2 0
j 493 b 2 0
j 494 b 6 0
j 495 b 2 0
j 496 b -1.97215226305253e-31 0
j 497 b -4.44089209850063e-16 0
j 498 b 0 0
j 499 b 1 0
j 500 b 0 0
j 501 b -8.77770078844262e-16 0
j 502 b 8 0
j 503 b 2 0
j 504 b 2 0
j 505 b 2 0
j 506 b -2.22044604925031e-15 0
j 507 b 4.44089209850063e-16 0
j 508 b 4.44089209850063e-15 0
j 509 b 0.999999999999997 0
j 510 b 0 0
j 511 b -8.77770078844262e-16 0
j 512 b 8 0
j 513 b 2 0
j 514 b 4 0
j 515 b 2 0
j 516 b 4.88498130835069e-15 0
j 517 b 0 0
j 518 b 0.999999999999994 0
j 519 b 8.88178419700125e-16 0
j 520 b 0 0
j 521 b -7.99360577730112e-15 0
j 522 b 8 0
j 523 b 2 0
j 524 b 6 0
j 525 b 2 0
j 526 b 0 0
j 527 b 0 0
j 528 b 1.77635683940025e-15 0
j 529 b 8.88178419700125e-16 0
j 530 b 0.999999999999997 0
j 531 b 1.77635683940025e-15 0
j 532 b 8 0
j 533 b 4 0
j 534 b 6 0
j 535 b 2 0
j 536 b 6.55389720988399e-16 0
j 537 b -2.22044604925031e-15 0
j 538 b 1 0
j 539 b 9.08904396916371e-16 0
j 540 b -1.88737914186277e-15 0
j 541 b 1.82521510848349e-15 0
j 542 b 8 0
j 543 b 1.99999999999999 0
j 544 b 6 0
j 545 b 2 0
j 546 b -6.71780169618455e-17 0
j 547 b 1 0
j 548 b -1.77635683940025e-15 0
j 549 b 8.88178419700125e-16 0
j 550 b -1.77635683940025e-15 0
j 551 b 4.65577397423453e-16 0
j 552 b 6 0
j 553 b 2 0
j 554 b 6 0
j 555 b 2 0
j 556 b -1.86336658966124e-16 0
j 557 b 0.999999999999998 0
j 558 l 0 6.93889390390723e-17
j 559 l 0 9.71445146547012e-17
j 560 b 1.33226762955019e-15 0
j 561 b -2.5993867552248e-15 0
j 562 b 4 0
j 563 b 2 0
j 564 b 6 0
j 565 b 2 0
j 566 b -8.88178419700125e-16 0
j 567 b 1 0
j 568 b -1.77635683940025e-15 0
j 569 b -1.97215226305253e-31 0
j 570 b 1.97215226305253e-31 0
j 571 b 1.00883807480696e-15 0
j 572 b 2 0
j 573 b 2 0
j 574 b 6 0
j 575 b 2 0
j 576 l 0 -0.1
j 577 b 0.999999999999998 0
j 578 l 0 -0.1
j 579 l 0 -0.1
j 580 l 0 -0.1
j 581 b 1.00883807480696e-15 0
j 582 b 0 0
j 583 b 2 0
j 584 b 6 0
j 585 b 2 0
j 586 b 0 0
j 587 b 4.44089209850063e-16 0
j 588 b 1 0
j 589 l 0 -0.1
j 590 b 0 0
j 591 b -8.77770078844262e-16 0
j 592 b 8 0
j 593 b 0 0
j 594 b 2 0
j 595 b 2 0
j 596 b 0 0
j 597 b -4.44089209850063e-16 0
j 598 b 0 0
j 599 b 1 0
j 600 b 0 0
j 601 b -8.77770078844262e-16 0
j 602 b 8 0
j 603 b 2 0
j 604 b 2 0
j 605 b 2 0
j 606 b 2.22044604925031e-16 0
j 607 b 8.88178419700125e-16 0
j 608 b 1.55431223447522e-15 0
j 609 b 0.999999999999997 0
j 610 b 0 0
j 611 b -8.43769498715119e-15 0
j 612 b 8 0
j 613 b 2 0
j 614 b 4.00000000000001 0
j 615 b 2 0
j 616 b -2.44291345416214e-17 0
j 617 b 0 0
j 618 b 0.999999999999997 0
j 619 b 8.88178419700125e-16 0
j 620 b 0 0
j 621 b 1.82521510848349e-15 0
j 622 b 8 0
j 623 b 2 0
j 624 b 6 0
j 625 b 2 0
j 626 b 6.7981885553002e-16 0
j 627 b 1 0
j 628 b -6.43929354282591e-15 0
j 629 b -8.88178419700125e-16 0
j 630 b -1.64708025722321e-16 0
j 631 b -8.77770078844262e-16 0
j 632 b 8 0
j 633 b 2 0
j 634 b 6 0
j 635 b 2 0
j 636 b 0 0
j 637 b 0.999999999999998 0
j 638 b 0 0
j 639 b 0 0
j 640 b 1.77635683940025e-15 0
j 641 b 4.65577397423453e-16 0
j 642 b 6 0
j 643 b 2 0
j 644 b 6 0
j 645 b 2 0
j 646 b -8.88178419700125e-16 0
j 647 b 1 0
j 648 b -1.77635683940025e-15 0
j 649 b 8.88178419700125e-16 0
j 650 b -1.33226762955019e-15 0
j 651 b 4.65577397423453e-16 0
j 652 b 6 0
j 653 b 2 0
j 654 b 6 0
j 655 b 2 0
j 656 b 1.80411241501588e-15 0
j 657 b 0.999999999999998 0
j 658 b -4.44089209850063e-16 0
j 659 b 0 0
j 660 b 0 0
j 661 b 1.00883807480696e-15 0
j 662 b 4 0
j 663 b 2 0
j 664 b 6 0
j 665 b 2 0
j 666 b 9.15933995315754e-16 0
j 667 b 0.999999999999999 0
j 668 b 0 0
j 669 b 0 0
j 670 b 0 0
j 671 b 1.00883807480696e-15 0
j 672 b 2 0
j 673 b 6 0
j 674 b 2 0
j 675 l 0 -1.11022302462516e-16
j 676 b -4.44089209850063e-16 0
j 677 l 0 -0.2
j 678 b 1 0
j 679 b 0 0
j 680 b -8.77770078844262e-16 0
j 681 b 8 0
j 682 b 0 0
j 683 b 2 0
j 684 b 0 0
j 685 b 4.44089209850063e-16 0
j 686 b 1 0
j 687 l 0 -0.1
j 688 b 0 0
j 689 b -8.77770078844262e-16 0
j 690 b 8 0
j 691 b 2 0
j 692 b 2 0
j 693 b 2 0
j 694 b -3.77996245415346e-15 0
j 695 b -4.44089209850063e-16 0
j 696 b 0 0
j 697 b 1 0
j 698 b 0 0
j 699 b -8.77770078844262e-16 0
j 700 b 8 0
j 701 b 2 0
j 702 b 4 0
j 703 b 2 0
j 704 b 1.35149259366388e-15 0
j 705 b 8.88178419700125e-16 0
j 706 b 1.55431223447522e-15 0
j 707 b 0.999999999999994 0
j 708 b 0 0
j 709 b -8.77770078844262e-16 0
j 710 b 8 0
j 711 b 2 0
j 712 b 6 0
j 713 b 2 0
j 714 b -6.71673738133858e-16 0
j 715 b 1 0
j 716 b -1.11022302462516e-15 0
j 717 b 9.08904396916371e-16 0
j 718 b 1.99840144432528e-15 0
j 719 b -8.77770078844262e-16 0
j 720 b 8 0
j 721 b 2 0
j 722 b 6 0
j 723 b 2 0
j 724 l 0 -2.35922392732846e-16
j 725 l 0 4.16333634234434e-17
j 726 l 0 -1.38777878078145e-17
j 727 l 0 -6.93889390390723e-17
j 728 b 1 0
j 729 b -8.77770078844262e-16 0
j 730 b 8 0
j 731 b 2 0
j 732 b 6 0
j 733 b 0 0
j 734 b -2.71630338691753e-16 0
j 735 b 1 0
j 736 b 0 0
j 737 b 0 0
j 738 b 1.33226762955019e-15 0
j 739 b 4.16719128340211e-16 0
j 740 b 6 0
j 741 b 2 0
j 742 b 6 0
j 743 b 2 0
j 744 b 0 0
j 745 b 1 0
j 746 b 4.44089209850063e-16 0
j 747 b -1.32415937662098e-31 0
j 748 b 0 0
j 749 b 2 0
j 750 b 4.16719128340211e-16 0
j 751 b 6 0
j 752 b 2 0
j 753 b 6 0
j 754 b 2 0
j 755 l 0 -0.0999999999999998
j 756 b 1 0
j 757 l 0 -0.0999999999999997
j 758 l 0 -0.0999999999999999
j 759 l 0 -0.0999999999999999
j 760 b 1.00883807480696e-15 0
j 761 b 4 0
j 762 b 2 0
j 763 b 6 0
j 764 b 2 0
j 765 b 0 0
j 766 b 8.88178419700125e-16 0
j 767 b 1 0
j 768 b -4.44089209850063e-16 0
j 769 b 0 0
j 770 b 2 0
j 771 b 0 0
j 772 b -8.88178419700125e-16 0
j 773 b 0 0
j 774 b 1 0
j 775 l 0 8.32667268468867e-17
j 776 b 0 0
j 777 b 8.88178419700125e-16 0
j 778 b 0 0
j 779 b 0.999999999999999 0
j 780 b 0 0
j 781 b 0 0
j 782 b -8.88178419700125e-16 0
j 783 b 0 0
j 784 b 0.999999999999999 0
j 785 b 1.77635683940025e-15 0
j 786 b 0 0
j 787 b 8.88178419700125e-16 0
j 788 l 0 0
j 789 b -8.88178419700125e-16 0
j 790 b 1 0
j 791 b -6.47244603592237e-16 0
j 792 b 0.999999999999999 0
j 793 b 4.44089209850063e-16 0
j 794 b 8.88178419700125e-16 0
j 795 l 0 -0.2
j 796 b 9.86076131526265e-32 0
j 797 b -4.44089209850063e-16 0
j 798 l 0 0
j 799 b 0 0
j 800 b 1 0
j 801 b -2.96059473233374e-16 0
j 802 b 1 0
j 803 b 0 0
j 804 b 0 0
j 805 b 0 0
j 806 b 0 0
j 807 b 1 0
j 808 l 0 1.38777878078145e-16
j 809 b 0 0
j 810 b 0 0
e o f
